<?xml version="1.0" encoding="UTF-8" ?>
<testsuite errors="0" failures="0" hostname="a" name="com.herograve.hbn.mytest.Test_Interceptor" tests="1" time="2.75" timestamp="2008-12-17T06:38:50">
  <properties>
[...]
</properties>
  <testcase classname="com.herograve.hbn.mytest.Test_Interceptor" name="hello" time="2.641" />
  <system-out><![CDATA[14:38:50,953 INFO Environment:509 - Hibernate 3.2.3
14:38:50,968 INFO Environment:542 - hibernate.properties not found
14:38:50,968 INFO Environment:676 - Bytecode provider name : cglib
14:38:50,968 INFO Environment:593 - using JDK 1.4 java.sql.Timestamp handling
14:38:51,062 INFO Configuration:585 - Reading mappings from resource: com/herograve/hbn/mytest/Test.hbm.xml
14:38:51,109 INFO Configuration:530 - Reading mappings from resource: com/herograve/hbn/mytest/Test.hbm.xml
14:38:51,375 INFO HbmBinder:300 - Mapping class: com.herograve.hbn.mytest.Test -> TEST
14:38:51,390 INFO Configuration:1426 - configuring from resource: /hibernate.cfg.xml
14:38:51,390 INFO Configuration:1403 - Configuration resource: /hibernate.cfg.xml
14:38:51,421 INFO Configuration:1541 - Configured SessionFactory: null
14:38:51,515 INFO DriverManagerConnectionProvider:41 - Using Hibernate built-in connection pool (not for production use!)
14:38:51,515 INFO DriverManagerConnectionProvider:42 - Hibernate connection pool size: 1
14:38:51,515 INFO DriverManagerConnectionProvider:45 - autocommit mode: false
14:38:51,531 INFO DriverManagerConnectionProvider:80 - using driver: com.mysql.jdbc.Driver at URL: jdbc:mysql://localhost:3306/hibernatequickuse
14:38:51,531 INFO DriverManagerConnectionProvider:86 - connection properties: {user=root, password=****}
14:38:51,953 INFO SettingsFactory:89 - RDBMS: MySQL, version: 5.0.27-community-nt
14:38:51,953 INFO SettingsFactory:90 - JDBC driver: MySQL-AB JDBC Driver, version: mysql-connector-java-5.1.6 ( Revision: ${svn.Revision} )
14:38:51,984 INFO Dialect:152 - Using dialect: org.hibernate.dialect.MySQLDialect
14:38:51,984 INFO TransactionFactoryFactory:31 - Using default transaction strategy (direct JDBC transactions)
14:38:52,000 INFO TransactionManagerLookupFactory:33 - No TransactionManagerLookup configured (in JTA environment, use of read-write or transactional second-level cache is not recommended)
14:38:52,000 INFO SettingsFactory:143 - Automatic flush during beforeCompletion(): disabled
14:38:52,000 INFO SettingsFactory:147 - Automatic session close at end of transaction: disabled
14:38:52,000 INFO SettingsFactory:154 - JDBC batch size: 4
14:38:52,000 INFO SettingsFactory:157 - JDBC batch updates for versioned data: disabled
14:38:52,000 INFO SettingsFactory:162 - Scrollable result sets: enabled
14:38:52,000 INFO SettingsFactory:170 - JDBC3 getGeneratedKeys(): enabled
14:38:52,000 INFO SettingsFactory:174 - JDBC result set fetch size: 30
14:38:52,000 INFO SettingsFactory:178 - Connection release mode: auto
14:38:52,000 INFO SettingsFactory:202 - Maximum outer join fetch depth: 2
14:38:52,015 INFO SettingsFactory:205 - Default batch fetch size: 1
14:38:52,015 INFO SettingsFactory:209 - Generate SQL with comments: disabled
14:38:52,015 INFO SettingsFactory:213 - Order SQL updates by primary key: disabled
14:38:52,015 INFO SettingsFactory:382 - Query translator: org.hibernate.hql.ast.ASTQueryTranslatorFactory
14:38:52,015 INFO ASTQueryTranslatorFactory:24 - Using ASTQueryTranslatorFactory
14:38:52,015 INFO SettingsFactory:221 - Query language substitutions: {}
14:38:52,015 INFO SettingsFactory:226 - JPA-QL strict compliance: disabled
14:38:52,015 INFO SettingsFactory:231 - Second-level cache: enabled
14:38:52,015 INFO SettingsFactory:235 - Query cache: disabled
14:38:52,031 INFO SettingsFactory:369 - Cache provider: org.hibernate.cache.NoCacheProvider
14:38:52,031 INFO SettingsFactory:250 - Optimize cache for minimal puts: disabled
14:38:52,031 INFO SettingsFactory:259 - Structured second-level cache entries: disabled
14:38:52,046 INFO SettingsFactory:279 - Echoing all SQL to stdout
14:38:52,046 INFO SettingsFactory:286 - Statistics: disabled
14:38:52,046 INFO SettingsFactory:290 - Deleted entity synthetic identifier rollback: disabled
14:38:52,046 INFO SettingsFactory:305 - Default entity-mode: pojo
14:38:52,046 INFO SettingsFactory:309 - Named query checking : enabled
14:38:52,093 INFO SessionFactoryImpl:161 - building session factory
14:38:52,515 INFO SessionFactoryObjectFactory:82 - Not binding factory to JNDI, no JNDI name configured
true
Hibernate: 
    select
        test0_.TEST_ID as TEST1_0_,
        test0_.TEST_NAME as TEST2_0_,
        test0_.TEST_TYPE as TEST3_0_,
        test0_.TEST_CHAR as TEST4_0_ 
    from
        TEST test0_ 
    where
        rtrim(TEST_CHAR)='a'
14:38:53,359DEBUG StringType:172 - returning '1' as column: TEST1_0_
14:38:53,406DEBUG StringType:172 - returning 'aaa' as column: TEST2_0_
14:38:53,406DEBUG IntegerType:172 - returning '1' as column: TEST3_0_
14:38:53,406DEBUG StringType:172 - returning 'a' as column: TEST4_0_
onLoad_iAfterTransactionBegin: 1
14:38:53,421 INFO SessionFactoryImpl:769 - closing
14:38:53,421 INFO DriverManagerConnectionProvider:147 - cleaning up connection pool: jdbc:mysql://localhost:3306/hibernatequickuse
]]></system-out>
  <system-err><![CDATA[]]></system-err>
</testsuite>
